2019-09-04 20:17:10,278 ----------------------------------------------------------------------------------------------------
2019-09-04 20:17:10,280 Model: "SequenceTagger(
  (embeddings): StackedEmbeddings(
    (list_embedding_0): WordEmbeddings('crawl')
    (list_embedding_1): FlairEmbeddings(
      (lm): LanguageModel(
        (drop): Dropout(p=0.05, inplace=False)
        (encoder): Embedding(300, 100)
        (rnn): LSTM(100, 2048)
        (decoder): Linear(in_features=2048, out_features=300, bias=True)
      )
    )
    (list_embedding_2): FlairEmbeddings(
      (lm): LanguageModel(
        (drop): Dropout(p=0.05, inplace=False)
        (encoder): Embedding(300, 100)
        (rnn): LSTM(100, 2048)
        (decoder): Linear(in_features=2048, out_features=300, bias=True)
      )
    )
  )
  (word_dropout): WordDropout(p=0.05)
  (locked_dropout): LockedDropout(p=0.5)
  (embedding2nn): Linear(in_features=4396, out_features=4396, bias=True)
  (rnn): LSTM(4396, 256, bidirectional=True)
  (linear): Linear(in_features=512, out_features=40, bias=True)
)"
2019-09-04 20:17:10,280 ----------------------------------------------------------------------------------------------------
2019-09-04 20:17:10,281 Corpus: "Corpus: 33608 train + 5041 dev + 3361 test sentences"
2019-09-04 20:17:10,282 ----------------------------------------------------------------------------------------------------
2019-09-04 20:17:10,283 Parameters:
2019-09-04 20:17:10,284  - learning_rate: "0.1"
2019-09-04 20:17:10,285  - mini_batch_size: "32"
2019-09-04 20:17:10,285  - patience: "3"
2019-09-04 20:17:10,286  - anneal_factor: "0.5"
2019-09-04 20:17:10,287  - max_epochs: "150"
2019-09-04 20:17:10,288  - shuffle: "True"
2019-09-04 20:17:10,289  - train_with_dev: "True"
2019-09-04 20:17:10,290 ----------------------------------------------------------------------------------------------------
2019-09-04 20:17:10,291 Model training base path: "taggers"
2019-09-04 20:17:10,291 ----------------------------------------------------------------------------------------------------
2019-09-04 20:17:10,292 Device: cpu
2019-09-04 20:17:10,293 ----------------------------------------------------------------------------------------------------
2019-09-04 20:17:10,293 Embeddings storage mode: cpu
2019-09-04 20:17:10,295 ----------------------------------------------------------------------------------------------------
2019-09-04 20:17:11,262 epoch 5 - iter 0/1208 - loss 0.29815191 - samples/sec: 3987.15
2019-09-04 20:18:46,095 epoch 5 - iter 120/1208 - loss 0.69182705 - samples/sec: 40.50
2019-09-04 20:20:18,652 epoch 5 - iter 240/1208 - loss 0.67966956 - samples/sec: 41.50
2019-09-04 20:21:53,749 epoch 5 - iter 360/1208 - loss 0.67881028 - samples/sec: 40.39
2019-09-04 20:23:25,104 epoch 5 - iter 480/1208 - loss 0.66333513 - samples/sec: 42.05
2019-09-04 20:24:57,670 epoch 5 - iter 600/1208 - loss 0.66186229 - samples/sec: 41.49
2019-09-04 20:26:30,471 epoch 5 - iter 720/1208 - loss 0.66673280 - samples/sec: 41.39
2019-09-04 20:28:09,829 epoch 5 - iter 840/1208 - loss 0.66595155 - samples/sec: 38.66
2019-09-04 20:29:44,754 epoch 5 - iter 960/1208 - loss 0.65658743 - samples/sec: 40.46
2019-09-04 20:31:14,661 epoch 5 - iter 1080/1208 - loss 0.64769553 - samples/sec: 42.72
2019-09-04 20:32:44,781 epoch 5 - iter 1200/1208 - loss 0.64407916 - samples/sec: 42.62
2019-09-04 20:32:50,073 ----------------------------------------------------------------------------------------------------
2019-09-04 20:32:50,074 EPOCH 5 done: loss 0.6432 - lr 0.1000
2019-09-04 20:49:00,930 TEST : loss 0.3547007143497467 - score 0.9325
2019-09-04 20:49:01,191 BAD EPOCHS (no improvement): 0
2019-09-04 20:49:24,253 ----------------------------------------------------------------------------------------------------
2019-09-04 20:49:24,723 epoch 6 - iter 0/1208 - loss 0.13835943 - samples/sec: 8242.36
2019-09-04 20:50:56,900 epoch 6 - iter 120/1208 - loss 0.57519221 - samples/sec: 41.67
2019-09-04 20:52:28,097 epoch 6 - iter 240/1208 - loss 0.61966881 - samples/sec: 42.12
2019-09-04 20:54:04,866 epoch 6 - iter 360/1208 - loss 0.61369384 - samples/sec: 39.70
2019-09-04 20:55:35,751 epoch 6 - iter 480/1208 - loss 0.60444260 - samples/sec: 42.27
2019-09-04 20:57:06,487 epoch 6 - iter 600/1208 - loss 0.59139145 - samples/sec: 42.33
2019-09-04 20:58:38,940 epoch 6 - iter 720/1208 - loss 0.58441917 - samples/sec: 41.55
2019-09-04 21:00:09,342 epoch 6 - iter 840/1208 - loss 0.57759501 - samples/sec: 42.49
2019-09-04 21:01:42,105 epoch 6 - iter 960/1208 - loss 0.57994505 - samples/sec: 41.41
2019-09-04 21:03:12,109 epoch 6 - iter 1080/1208 - loss 0.57628123 - samples/sec: 42.68
2019-09-04 21:04:46,293 epoch 6 - iter 1200/1208 - loss 0.57933140 - samples/sec: 40.78
2019-09-04 21:04:51,376 ----------------------------------------------------------------------------------------------------
2019-09-04 21:04:51,378 EPOCH 6 done: loss 0.5791 - lr 0.1000
2019-09-04 21:11:15,286 TEST : loss 0.34024491906166077 - score 0.9318
2019-09-04 21:11:15,539 BAD EPOCHS (no improvement): 0
2019-09-04 21:11:38,702 ----------------------------------------------------------------------------------------------------
2019-09-04 21:11:39,280 epoch 7 - iter 0/1208 - loss 0.48566175 - samples/sec: 6691.44
2019-09-04 21:13:14,151 epoch 7 - iter 120/1208 - loss 0.55357918 - samples/sec: 40.49
2019-09-04 21:14:47,936 epoch 7 - iter 240/1208 - loss 0.54039337 - samples/sec: 40.95
2019-09-04 21:16:21,003 epoch 7 - iter 360/1208 - loss 0.55567326 - samples/sec: 41.27
2019-09-04 21:17:54,704 epoch 7 - iter 480/1208 - loss 0.54416105 - samples/sec: 40.99
2019-09-04 21:19:23,631 epoch 7 - iter 600/1208 - loss 0.54810166 - samples/sec: 43.19
2019-09-04 21:20:54,567 epoch 7 - iter 720/1208 - loss 0.54204977 - samples/sec: 42.24
2019-09-04 21:22:28,539 epoch 7 - iter 840/1208 - loss 0.54275612 - samples/sec: 40.87
2019-09-04 21:23:56,440 epoch 7 - iter 960/1208 - loss 0.54164983 - samples/sec: 43.70
2019-09-04 21:25:26,339 epoch 7 - iter 1080/1208 - loss 0.54728933 - samples/sec: 42.73
2019-09-04 21:26:55,746 epoch 7 - iter 1200/1208 - loss 0.54411535 - samples/sec: 42.96
2019-09-04 21:27:01,022 ----------------------------------------------------------------------------------------------------
2019-09-04 21:27:01,023 EPOCH 7 done: loss 0.5449 - lr 0.1000
2019-09-04 21:33:32,642 TEST : loss 0.35258200764656067 - score 0.9322
2019-09-04 21:33:32,888 BAD EPOCHS (no improvement): 0
2019-09-04 21:33:57,399 ----------------------------------------------------------------------------------------------------
2019-09-04 21:33:58,069 epoch 8 - iter 0/1208 - loss 0.40915346 - samples/sec: 5762.11
2019-09-04 21:35:32,248 epoch 8 - iter 120/1208 - loss 0.55038498 - samples/sec: 40.78
2019-09-04 21:37:03,315 epoch 8 - iter 240/1208 - loss 0.53961275 - samples/sec: 42.18
2019-09-04 21:38:32,854 epoch 8 - iter 360/1208 - loss 0.52739038 - samples/sec: 42.90
2019-09-04 21:40:02,763 epoch 8 - iter 480/1208 - loss 0.52064452 - samples/sec: 42.72
2019-09-04 21:41:32,396 epoch 8 - iter 600/1208 - loss 0.51939659 - samples/sec: 42.85
2019-09-04 21:43:03,813 epoch 8 - iter 720/1208 - loss 0.52063583 - samples/sec: 42.02
2019-09-04 21:44:34,889 epoch 8 - iter 840/1208 - loss 0.52346537 - samples/sec: 42.17
2019-09-04 21:46:04,745 epoch 8 - iter 960/1208 - loss 0.51653467 - samples/sec: 42.75
2019-09-04 21:47:37,380 epoch 8 - iter 1080/1208 - loss 0.51316611 - samples/sec: 41.46
2019-09-04 21:49:08,258 epoch 8 - iter 1200/1208 - loss 0.50828582 - samples/sec: 42.26
2019-09-04 21:49:13,611 ----------------------------------------------------------------------------------------------------
2019-09-04 21:49:13,612 EPOCH 8 done: loss 0.5087 - lr 0.1000
2019-09-04 21:55:37,276 TEST : loss 0.3253076672554016 - score 0.9345
2019-09-04 21:55:37,527 BAD EPOCHS (no improvement): 0
2019-09-04 21:56:00,328 ----------------------------------------------------------------------------------------------------
2019-09-04 21:56:00,945 epoch 9 - iter 0/1208 - loss 0.48754787 - samples/sec: 6267.59
2019-09-04 21:57:29,864 epoch 9 - iter 120/1208 - loss 0.47613712 - samples/sec: 43.20
2019-09-04 21:59:00,583 epoch 9 - iter 240/1208 - loss 0.47064843 - samples/sec: 42.34
2019-09-04 22:00:32,636 epoch 9 - iter 360/1208 - loss 0.48074252 - samples/sec: 41.73
2019-09-04 22:02:02,887 epoch 9 - iter 480/1208 - loss 0.48032584 - samples/sec: 42.56
2019-09-04 22:03:32,689 epoch 9 - iter 600/1208 - loss 0.48762348 - samples/sec: 42.77
2019-09-04 22:05:02,480 epoch 9 - iter 720/1208 - loss 0.48301293 - samples/sec: 42.78
2019-09-04 22:06:34,533 epoch 9 - iter 840/1208 - loss 0.48888695 - samples/sec: 41.73
2019-09-04 22:08:06,634 epoch 9 - iter 960/1208 - loss 0.48153398 - samples/sec: 41.70
2019-09-04 22:09:38,526 epoch 9 - iter 1080/1208 - loss 0.47783756 - samples/sec: 41.80
2019-09-04 22:11:10,322 epoch 9 - iter 1200/1208 - loss 0.47840796 - samples/sec: 41.84
2019-09-04 22:11:15,665 ----------------------------------------------------------------------------------------------------
2019-09-04 22:11:15,667 EPOCH 9 done: loss 0.4779 - lr 0.1000
2019-09-04 22:17:40,891 TEST : loss 0.31806889176368713 - score 0.9343
2019-09-04 22:17:41,137 BAD EPOCHS (no improvement): 0
2019-09-04 22:18:04,416 ----------------------------------------------------------------------------------------------------
2019-09-04 22:18:05,298 epoch 10 - iter 0/1208 - loss 1.17037928 - samples/sec: 4376.09
2019-09-04 22:19:39,224 epoch 10 - iter 120/1208 - loss 0.45987272 - samples/sec: 40.89
2019-09-04 22:21:04,182 epoch 10 - iter 240/1208 - loss 0.43158820 - samples/sec: 45.21
2019-09-04 22:22:37,947 epoch 10 - iter 360/1208 - loss 0.43593777 - samples/sec: 40.96
2019-09-04 22:24:14,031 epoch 10 - iter 480/1208 - loss 0.44294102 - samples/sec: 39.97
2019-09-04 22:25:40,852 epoch 10 - iter 600/1208 - loss 0.43451618 - samples/sec: 44.24
2019-09-04 22:27:10,296 epoch 10 - iter 720/1208 - loss 0.43215052 - samples/sec: 42.95
2019-09-04 22:28:40,479 epoch 10 - iter 840/1208 - loss 0.43547985 - samples/sec: 42.59
2019-09-04 22:30:07,020 epoch 10 - iter 960/1208 - loss 0.43930165 - samples/sec: 44.39
2019-09-04 22:31:38,351 epoch 10 - iter 1080/1208 - loss 0.44267146 - samples/sec: 42.06
2019-09-04 22:33:09,703 epoch 10 - iter 1200/1208 - loss 0.44202846 - samples/sec: 42.05
2019-09-04 22:33:14,512 ----------------------------------------------------------------------------------------------------
2019-09-04 22:33:14,513 EPOCH 10 done: loss 0.4422 - lr 0.1000
2019-09-04 22:39:49,907 TEST : loss 0.32371872663497925 - score 0.9345
2019-09-04 22:39:50,155 BAD EPOCHS (no improvement): 0
2019-09-04 22:40:14,924 ----------------------------------------------------------------------------------------------------
2019-09-04 22:40:15,568 epoch 11 - iter 0/1208 - loss 0.21637446 - samples/sec: 5995.89
2019-09-04 22:41:43,920 epoch 11 - iter 120/1208 - loss 0.37329899 - samples/sec: 43.47
2019-09-04 22:43:11,402 epoch 11 - iter 240/1208 - loss 0.39481549 - samples/sec: 43.91
2019-09-04 22:44:41,124 epoch 11 - iter 360/1208 - loss 0.40147915 - samples/sec: 42.81
2019-09-04 22:46:11,249 epoch 11 - iter 480/1208 - loss 0.40787612 - samples/sec: 42.62
2019-09-04 22:47:46,131 epoch 11 - iter 600/1208 - loss 0.41465550 - samples/sec: 40.48
2019-09-04 22:49:21,078 epoch 11 - iter 720/1208 - loss 0.41590223 - samples/sec: 40.45
2019-09-04 22:50:53,658 epoch 11 - iter 840/1208 - loss 0.41708243 - samples/sec: 41.49
2019-09-04 22:52:25,537 epoch 11 - iter 960/1208 - loss 0.41308924 - samples/sec: 41.81
2019-09-04 22:53:55,970 epoch 11 - iter 1080/1208 - loss 0.41446340 - samples/sec: 42.47
2019-09-04 22:55:28,471 epoch 11 - iter 1200/1208 - loss 0.41718681 - samples/sec: 41.52
2019-09-04 22:55:33,613 ----------------------------------------------------------------------------------------------------
2019-09-04 22:55:33,615 EPOCH 11 done: loss 0.4184 - lr 0.1000
2019-09-04 23:01:54,929 TEST : loss 0.3303791880607605 - score 0.9359
2019-09-04 23:01:55,182 BAD EPOCHS (no improvement): 0
2019-09-04 23:02:19,291 ----------------------------------------------------------------------------------------------------
2019-09-04 23:02:20,123 epoch 12 - iter 0/1208 - loss 0.13220328 - samples/sec: 4636.05
2019-09-04 23:03:51,186 epoch 12 - iter 120/1208 - loss 0.39294923 - samples/sec: 42.18
2019-09-04 23:05:23,089 epoch 12 - iter 240/1208 - loss 0.39005236 - samples/sec: 41.80
2019-09-04 23:06:55,636 epoch 12 - iter 360/1208 - loss 0.39007218 - samples/sec: 41.50
2019-09-04 23:08:29,375 epoch 12 - iter 480/1208 - loss 0.40188329 - samples/sec: 40.98
2019-09-04 23:10:02,406 epoch 12 - iter 600/1208 - loss 0.40132295 - samples/sec: 41.29
2019-09-04 23:11:30,714 epoch 12 - iter 720/1208 - loss 0.40390931 - samples/sec: 43.50
2019-09-04 23:13:02,790 epoch 12 - iter 840/1208 - loss 0.40210252 - samples/sec: 41.72
2019-09-04 23:14:32,968 epoch 12 - iter 960/1208 - loss 0.39940783 - samples/sec: 42.59
2019-09-04 23:16:05,310 epoch 12 - iter 1080/1208 - loss 0.40688518 - samples/sec: 41.60
2019-09-04 23:17:35,757 epoch 12 - iter 1200/1208 - loss 0.40727092 - samples/sec: 42.47
2019-09-04 23:17:40,420 ----------------------------------------------------------------------------------------------------
2019-09-04 23:17:40,421 EPOCH 12 done: loss 0.4076 - lr 0.1000
2019-09-04 23:24:06,122 TEST : loss 0.3180747628211975 - score 0.9327
2019-09-04 23:24:06,367 BAD EPOCHS (no improvement): 0
2019-09-04 23:24:29,969 ----------------------------------------------------------------------------------------------------
2019-09-04 23:24:30,919 epoch 13 - iter 0/1208 - loss 0.41588253 - samples/sec: 4062.61
2019-09-04 23:26:00,749 epoch 13 - iter 120/1208 - loss 0.39679082 - samples/sec: 42.76
2019-09-04 23:27:31,328 epoch 13 - iter 240/1208 - loss 0.38054691 - samples/sec: 42.40
2019-09-04 23:29:06,594 epoch 13 - iter 360/1208 - loss 0.37411943 - samples/sec: 40.32
2019-09-04 23:30:36,214 epoch 13 - iter 480/1208 - loss 0.37542137 - samples/sec: 42.86
2019-09-04 23:32:05,003 epoch 13 - iter 600/1208 - loss 0.38228332 - samples/sec: 43.26
2019-09-04 23:33:35,801 epoch 13 - iter 720/1208 - loss 0.38345852 - samples/sec: 42.30
2019-09-04 23:35:05,826 epoch 13 - iter 840/1208 - loss 0.38794173 - samples/sec: 42.67
2019-09-04 23:36:39,059 epoch 13 - iter 960/1208 - loss 0.38759138 - samples/sec: 41.20
2019-09-04 23:38:07,837 epoch 13 - iter 1080/1208 - loss 0.38772010 - samples/sec: 43.27
2019-09-04 23:39:35,819 epoch 13 - iter 1200/1208 - loss 0.38923200 - samples/sec: 43.66
2019-09-04 23:39:40,302 ----------------------------------------------------------------------------------------------------
2019-09-04 23:39:40,304 EPOCH 13 done: loss 0.3888 - lr 0.1000
2019-09-04 23:46:07,220 TEST : loss 0.33927762508392334 - score 0.9335
2019-09-04 23:46:07,470 BAD EPOCHS (no improvement): 0
2019-09-04 23:46:30,960 ----------------------------------------------------------------------------------------------------
2019-09-04 23:46:31,521 epoch 14 - iter 0/1208 - loss 0.60476685 - samples/sec: 6894.62
2019-09-04 23:48:01,879 epoch 14 - iter 120/1208 - loss 0.38515031 - samples/sec: 42.51
2019-09-04 23:49:32,107 epoch 14 - iter 240/1208 - loss 0.39022568 - samples/sec: 42.57
2019-09-04 23:51:01,388 epoch 14 - iter 360/1208 - loss 0.36711151 - samples/sec: 43.02
2019-09-04 23:52:32,817 epoch 14 - iter 480/1208 - loss 0.37333837 - samples/sec: 42.01
2019-09-04 23:54:04,783 epoch 14 - iter 600/1208 - loss 0.37463125 - samples/sec: 41.76
2019-09-04 23:55:35,152 epoch 14 - iter 720/1208 - loss 0.37354765 - samples/sec: 42.50
2019-09-04 23:57:09,214 epoch 14 - iter 840/1208 - loss 0.37213640 - samples/sec: 40.83
2019-09-04 23:58:39,283 epoch 14 - iter 960/1208 - loss 0.37091683 - samples/sec: 42.65
2019-09-05 00:00:10,787 epoch 14 - iter 1080/1208 - loss 0.37567554 - samples/sec: 41.98
2019-09-05 00:01:44,651 epoch 14 - iter 1200/1208 - loss 0.37184945 - samples/sec: 40.92
2019-09-05 00:01:49,868 ----------------------------------------------------------------------------------------------------
2019-09-05 00:01:49,870 EPOCH 14 done: loss 0.3717 - lr 0.1000
2019-09-05 00:08:10,614 TEST : loss 0.34076324105262756 - score 0.9353
2019-09-05 00:08:10,862 BAD EPOCHS (no improvement): 0
2019-09-05 00:08:36,429 ----------------------------------------------------------------------------------------------------
2019-09-05 00:08:37,061 epoch 15 - iter 0/1208 - loss 0.42033571 - samples/sec: 6112.37
2019-09-05 00:10:06,699 epoch 15 - iter 120/1208 - loss 0.34811050 - samples/sec: 42.85
2019-09-05 00:11:38,758 epoch 15 - iter 240/1208 - loss 0.32476511 - samples/sec: 41.72
2019-09-05 00:13:05,530 epoch 15 - iter 360/1208 - loss 0.32355718 - samples/sec: 44.27
2019-09-05 00:14:36,081 epoch 15 - iter 480/1208 - loss 0.33936822 - samples/sec: 42.42
2019-09-05 00:16:05,161 epoch 15 - iter 600/1208 - loss 0.34316872 - samples/sec: 43.12
2019-09-05 00:17:34,430 epoch 15 - iter 720/1208 - loss 0.34588612 - samples/sec: 43.03
2019-09-05 00:19:07,192 epoch 15 - iter 840/1208 - loss 0.34405145 - samples/sec: 41.41
2019-09-05 00:20:38,271 epoch 15 - iter 960/1208 - loss 0.34687825 - samples/sec: 42.17
2019-09-05 00:22:10,751 epoch 15 - iter 1080/1208 - loss 0.34751899 - samples/sec: 41.53
2019-09-05 00:23:43,575 epoch 15 - iter 1200/1208 - loss 0.34894752 - samples/sec: 41.38
2019-09-05 00:23:48,728 ----------------------------------------------------------------------------------------------------
2019-09-05 00:23:48,729 EPOCH 15 done: loss 0.3501 - lr 0.1000
2019-09-05 00:30:14,810 TEST : loss 0.33402684330940247 - score 0.934
2019-09-05 00:30:15,060 BAD EPOCHS (no improvement): 0
2019-09-05 00:30:39,454 ----------------------------------------------------------------------------------------------------
2019-09-05 00:30:40,698 epoch 16 - iter 0/1208 - loss 0.28454649 - samples/sec: 3097.46
2019-09-05 00:32:10,221 epoch 16 - iter 120/1208 - loss 0.31871602 - samples/sec: 42.91
2019-09-05 00:33:38,606 epoch 16 - iter 240/1208 - loss 0.32001022 - samples/sec: 43.46
2019-09-05 00:35:10,135 epoch 16 - iter 360/1208 - loss 0.32890053 - samples/sec: 41.96
2019-09-05 00:36:46,380 epoch 16 - iter 480/1208 - loss 0.32903182 - samples/sec: 39.91
2019-09-05 00:38:18,633 epoch 16 - iter 600/1208 - loss 0.33726049 - samples/sec: 41.64
2019-09-05 00:39:48,635 epoch 16 - iter 720/1208 - loss 0.34292151 - samples/sec: 42.68
2019-09-05 00:41:17,845 epoch 16 - iter 840/1208 - loss 0.34201831 - samples/sec: 43.06
2019-09-05 00:42:49,325 epoch 16 - iter 960/1208 - loss 0.33956716 - samples/sec: 41.99
2019-09-05 00:44:21,890 epoch 16 - iter 1080/1208 - loss 0.34299686 - samples/sec: 41.50
2019-09-05 00:45:55,064 epoch 16 - iter 1200/1208 - loss 0.34459578 - samples/sec: 41.23
2019-09-05 00:46:00,110 ----------------------------------------------------------------------------------------------------
2019-09-05 00:46:00,111 EPOCH 16 done: loss 0.3445 - lr 0.1000
2019-09-05 00:52:17,798 TEST : loss 0.33819127082824707 - score 0.9324
2019-09-05 00:52:18,042 BAD EPOCHS (no improvement): 0
2019-09-05 00:52:40,957 ----------------------------------------------------------------------------------------------------
2019-09-05 00:52:41,687 epoch 17 - iter 0/1208 - loss 0.20262808 - samples/sec: 5291.99
2019-09-05 00:54:17,009 epoch 17 - iter 120/1208 - loss 0.31681616 - samples/sec: 40.29
2019-09-05 00:55:42,748 epoch 17 - iter 240/1208 - loss 0.31643320 - samples/sec: 44.80
2019-09-05 00:57:16,952 epoch 17 - iter 360/1208 - loss 0.32265741 - samples/sec: 40.77
2019-09-05 00:58:47,450 epoch 17 - iter 480/1208 - loss 0.32508844 - samples/sec: 42.45
2019-09-05 01:00:17,505 epoch 17 - iter 600/1208 - loss 0.32313656 - samples/sec: 42.65
2019-09-05 01:01:45,343 epoch 17 - iter 720/1208 - loss 0.32069543 - samples/sec: 43.73
2019-09-05 01:03:18,493 epoch 17 - iter 840/1208 - loss 0.31885088 - samples/sec: 41.24
2019-09-05 01:04:49,555 epoch 17 - iter 960/1208 - loss 0.31870450 - samples/sec: 42.18
2019-09-05 01:06:18,903 epoch 17 - iter 1080/1208 - loss 0.32322836 - samples/sec: 42.99
2019-09-05 01:07:48,733 epoch 17 - iter 1200/1208 - loss 0.32298076 - samples/sec: 42.76
2019-09-05 01:07:53,950 ----------------------------------------------------------------------------------------------------
2019-09-05 01:07:53,951 EPOCH 17 done: loss 0.3229 - lr 0.1000
2019-09-05 01:14:22,003 TEST : loss 0.35104671120643616 - score 0.9317
2019-09-05 01:14:22,250 BAD EPOCHS (no improvement): 0
2019-09-05 01:14:45,647 ----------------------------------------------------------------------------------------------------
2019-09-05 01:14:46,199 epoch 18 - iter 0/1208 - loss 0.50660098 - samples/sec: 7016.49
2019-09-05 01:16:17,163 epoch 18 - iter 120/1208 - loss 0.30921751 - samples/sec: 42.23
2019-09-05 01:17:49,389 epoch 18 - iter 240/1208 - loss 0.32877770 - samples/sec: 41.65
2019-09-05 01:19:20,182 epoch 18 - iter 360/1208 - loss 0.32792369 - samples/sec: 42.31
2019-09-05 01:20:49,657 epoch 18 - iter 480/1208 - loss 0.31833842 - samples/sec: 42.93
2019-09-05 01:22:22,485 epoch 18 - iter 600/1208 - loss 0.32471131 - samples/sec: 41.38
2019-09-05 01:23:52,950 epoch 18 - iter 720/1208 - loss 0.32313507 - samples/sec: 42.46
2019-09-05 01:25:22,313 epoch 18 - iter 840/1208 - loss 0.32428805 - samples/sec: 42.98
2019-09-05 01:26:50,870 epoch 18 - iter 960/1208 - loss 0.32336925 - samples/sec: 43.37
2019-09-05 01:28:22,937 epoch 18 - iter 1080/1208 - loss 0.32273295 - samples/sec: 41.72
2019-09-05 01:29:58,849 epoch 18 - iter 1200/1208 - loss 0.32153180 - samples/sec: 40.05
2019-09-05 01:30:05,105 ----------------------------------------------------------------------------------------------------
2019-09-05 01:30:05,107 EPOCH 18 done: loss 0.3215 - lr 0.1000
2019-09-05 01:36:34,147 TEST : loss 0.37237516045570374 - score 0.9273
2019-09-05 01:36:34,413 BAD EPOCHS (no improvement): 0
2019-09-05 01:37:00,847 ----------------------------------------------------------------------------------------------------
2019-09-05 01:37:01,505 epoch 19 - iter 0/1208 - loss 0.59844780 - samples/sec: 5877.19
2019-09-05 01:38:30,833 epoch 19 - iter 120/1208 - loss 0.28127723 - samples/sec: 43.00
2019-09-05 01:40:01,042 epoch 19 - iter 240/1208 - loss 0.29790913 - samples/sec: 42.58
2019-09-05 01:41:32,919 epoch 19 - iter 360/1208 - loss 0.30178617 - samples/sec: 41.81
2019-09-05 01:43:03,413 epoch 19 - iter 480/1208 - loss 0.30236441 - samples/sec: 42.44
2019-09-05 01:44:31,588 epoch 19 - iter 600/1208 - loss 0.30471863 - samples/sec: 43.56
2019-09-05 01:46:01,935 epoch 19 - iter 720/1208 - loss 0.30578584 - samples/sec: 42.51
2019-09-05 01:47:34,604 epoch 19 - iter 840/1208 - loss 0.30560323 - samples/sec: 41.45
2019-09-05 01:49:03,066 epoch 19 - iter 960/1208 - loss 0.30356456 - samples/sec: 43.42
2019-09-05 01:50:38,203 epoch 19 - iter 1080/1208 - loss 0.30650510 - samples/sec: 40.37
2019-09-05 01:52:09,542 epoch 19 - iter 1200/1208 - loss 0.30932219 - samples/sec: 42.05
2019-09-05 01:52:15,228 ----------------------------------------------------------------------------------------------------
2019-09-05 01:52:15,229 EPOCH 19 done: loss 0.3095 - lr 0.1000
2019-09-05 01:58:44,386 TEST : loss 0.33594879508018494 - score 0.9322
2019-09-05 01:58:44,634 BAD EPOCHS (no improvement): 0
2019-09-05 01:59:07,523 ----------------------------------------------------------------------------------------------------
2019-09-05 01:59:08,408 epoch 20 - iter 0/1208 - loss 0.16418874 - samples/sec: 4356.04
2019-09-05 02:00:38,950 epoch 20 - iter 120/1208 - loss 0.27885580 - samples/sec: 42.42
2019-09-05 02:02:09,159 epoch 20 - iter 240/1208 - loss 0.27932569 - samples/sec: 42.58
2019-09-05 02:03:43,297 epoch 20 - iter 360/1208 - loss 0.29173439 - samples/sec: 40.80
2019-09-05 02:05:16,576 epoch 20 - iter 480/1208 - loss 0.29317823 - samples/sec: 41.18
2019-09-05 02:06:50,960 epoch 20 - iter 600/1208 - loss 0.29943207 - samples/sec: 40.70
2019-09-05 02:08:18,274 epoch 20 - iter 720/1208 - loss 0.29691421 - samples/sec: 43.99
2019-09-05 02:09:48,221 epoch 20 - iter 840/1208 - loss 0.30117795 - samples/sec: 42.70
2019-09-05 02:11:19,060 epoch 20 - iter 960/1208 - loss 0.30391400 - samples/sec: 42.28
2019-09-05 02:12:50,390 epoch 20 - iter 1080/1208 - loss 0.30470731 - samples/sec: 42.06
2019-09-05 02:14:21,119 epoch 20 - iter 1200/1208 - loss 0.30502283 - samples/sec: 42.34
2019-09-05 02:14:26,695 ----------------------------------------------------------------------------------------------------
2019-09-05 02:14:26,696 EPOCH 20 done: loss 0.3048 - lr 0.1000
2019-09-05 02:20:51,971 TEST : loss 0.3450475335121155 - score 0.9334
2019-09-05 02:20:52,239 BAD EPOCHS (no improvement): 0
2019-09-05 02:21:16,092 ----------------------------------------------------------------------------------------------------
2019-09-05 02:21:16,984 epoch 21 - iter 0/1208 - loss 0.72872365 - samples/sec: 4325.09
2019-09-05 02:22:49,464 epoch 21 - iter 120/1208 - loss 0.31726072 - samples/sec: 41.53
2019-09-05 02:24:22,693 epoch 21 - iter 240/1208 - loss 0.31460402 - samples/sec: 41.20
2019-09-05 02:25:53,846 epoch 21 - iter 360/1208 - loss 0.29154175 - samples/sec: 42.14
2019-09-05 02:27:25,466 epoch 21 - iter 480/1208 - loss 0.28970417 - samples/sec: 41.92
2019-09-05 02:28:57,367 epoch 21 - iter 600/1208 - loss 0.29006102 - samples/sec: 41.80
2019-09-05 02:30:38,462 epoch 21 - iter 720/1208 - loss 0.29602296 - samples/sec: 38.00
2019-09-05 02:32:10,142 epoch 21 - iter 840/1208 - loss 0.29996647 - samples/sec: 41.90
2019-09-05 02:33:44,348 epoch 21 - iter 960/1208 - loss 0.29870111 - samples/sec: 40.77
2019-09-05 02:35:13,846 epoch 21 - iter 1080/1208 - loss 0.29485850 - samples/sec: 42.92
2019-09-05 02:36:48,792 epoch 21 - iter 1200/1208 - loss 0.29171295 - samples/sec: 40.46
2019-09-05 02:36:53,668 ----------------------------------------------------------------------------------------------------
2019-09-05 02:36:53,669 EPOCH 21 done: loss 0.2915 - lr 0.1000
2019-09-05 02:43:24,813 TEST : loss 0.3618007302284241 - score 0.935
2019-09-05 02:43:25,066 BAD EPOCHS (no improvement): 0
2019-09-05 02:43:51,817 ----------------------------------------------------------------------------------------------------
2019-09-05 02:43:52,626 epoch 22 - iter 0/1208 - loss 0.16034901 - samples/sec: 4769.17
2019-09-05 02:45:25,899 epoch 22 - iter 120/1208 - loss 0.26139889 - samples/sec: 41.18
2019-09-05 02:46:55,654 epoch 22 - iter 240/1208 - loss 0.26538884 - samples/sec: 42.79
2019-09-05 02:48:27,697 epoch 22 - iter 360/1208 - loss 0.27704377 - samples/sec: 41.73
2019-09-05 02:50:03,080 epoch 22 - iter 480/1208 - loss 0.27901321 - samples/sec: 40.27
2019-09-05 02:51:33,977 epoch 22 - iter 600/1208 - loss 0.28197125 - samples/sec: 42.26
2019-09-05 02:53:08,633 epoch 22 - iter 720/1208 - loss 0.28371935 - samples/sec: 40.58
2019-09-05 02:54:39,937 epoch 22 - iter 840/1208 - loss 0.27768573 - samples/sec: 42.07
2019-09-05 02:56:09,376 epoch 22 - iter 960/1208 - loss 0.27725972 - samples/sec: 42.95
2019-09-05 02:57:41,250 epoch 22 - iter 1080/1208 - loss 0.27914987 - samples/sec: 41.81
2019-09-05 02:59:18,292 epoch 22 - iter 1200/1208 - loss 0.27881999 - samples/sec: 39.58
2019-09-05 02:59:23,834 ----------------------------------------------------------------------------------------------------
2019-09-05 02:59:23,835 EPOCH 22 done: loss 0.2790 - lr 0.1000
2019-09-05 03:06:11,846 TEST : loss 0.36376792192459106 - score 0.9358
2019-09-05 03:06:12,098 BAD EPOCHS (no improvement): 0
2019-09-05 03:06:37,987 ----------------------------------------------------------------------------------------------------
2019-09-05 03:06:38,768 epoch 23 - iter 0/1208 - loss 0.11017555 - samples/sec: 4944.22
2019-09-05 03:08:11,019 epoch 23 - iter 120/1208 - loss 0.28899611 - samples/sec: 41.64
2019-09-05 03:09:45,039 epoch 23 - iter 240/1208 - loss 0.28080899 - samples/sec: 40.85
2019-09-05 03:11:20,985 epoch 23 - iter 360/1208 - loss 0.28341691 - samples/sec: 40.03
2019-09-05 03:12:56,025 epoch 23 - iter 480/1208 - loss 0.26845060 - samples/sec: 40.41
2019-09-05 03:14:30,386 epoch 23 - iter 600/1208 - loss 0.27116554 - samples/sec: 40.71
2019-09-05 03:16:01,479 epoch 23 - iter 720/1208 - loss 0.27118064 - samples/sec: 42.17
2019-09-05 03:17:34,759 epoch 23 - iter 840/1208 - loss 0.27151223 - samples/sec: 41.18
2019-09-05 03:19:04,166 epoch 23 - iter 960/1208 - loss 0.26825223 - samples/sec: 42.96
2019-09-05 03:20:35,678 epoch 23 - iter 1080/1208 - loss 0.26888378 - samples/sec: 41.97
2019-09-05 03:22:08,405 epoch 23 - iter 1200/1208 - loss 0.26924631 - samples/sec: 41.42
2019-09-05 03:22:13,243 ----------------------------------------------------------------------------------------------------
2019-09-05 03:22:13,245 EPOCH 23 done: loss 0.2687 - lr 0.1000
2019-09-05 03:28:46,805 TEST : loss 0.3746788799762726 - score 0.9338
2019-09-05 03:28:47,060 BAD EPOCHS (no improvement): 0
2019-09-05 03:29:10,356 ----------------------------------------------------------------------------------------------------
2019-09-05 03:29:11,030 epoch 24 - iter 0/1208 - loss 0.06199700 - samples/sec: 5730.64
2019-09-05 03:30:44,905 epoch 24 - iter 120/1208 - loss 0.25593552 - samples/sec: 40.92
2019-09-05 03:32:19,585 epoch 24 - iter 240/1208 - loss 0.26722680 - samples/sec: 40.57
2019-09-05 03:33:50,248 epoch 24 - iter 360/1208 - loss 0.26845270 - samples/sec: 42.37
2019-09-05 03:35:23,584 epoch 24 - iter 480/1208 - loss 0.27216737 - samples/sec: 41.15
2019-09-05 03:36:58,403 epoch 24 - iter 600/1208 - loss 0.27374908 - samples/sec: 40.51
2019-09-05 03:38:31,420 epoch 24 - iter 720/1208 - loss 0.27282548 - samples/sec: 41.29
2019-09-05 03:40:02,825 epoch 24 - iter 840/1208 - loss 0.27158134 - samples/sec: 42.02
2019-09-05 03:41:41,002 epoch 24 - iter 960/1208 - loss 0.26724517 - samples/sec: 39.12
2019-09-05 03:43:12,699 epoch 24 - iter 1080/1208 - loss 0.27115735 - samples/sec: 41.89
2019-09-05 03:44:48,402 epoch 24 - iter 1200/1208 - loss 0.27195380 - samples/sec: 40.13
2019-09-05 03:44:53,139 ----------------------------------------------------------------------------------------------------
2019-09-05 03:44:53,140 EPOCH 24 done: loss 0.2719 - lr 0.1000
2019-09-05 03:51:24,535 TEST : loss 0.36719200015068054 - score 0.9331
2019-09-05 03:51:24,814 BAD EPOCHS (no improvement): 1
2019-09-05 03:51:48,216 ----------------------------------------------------------------------------------------------------
2019-09-05 03:51:48,844 epoch 25 - iter 0/1208 - loss 0.18058109 - samples/sec: 6160.29
2019-09-05 03:53:21,413 epoch 25 - iter 120/1208 - loss 0.25085956 - samples/sec: 41.49
2019-09-05 03:54:53,593 epoch 25 - iter 240/1208 - loss 0.23437575 - samples/sec: 41.67
2019-09-05 03:56:28,914 epoch 25 - iter 360/1208 - loss 0.25218430 - samples/sec: 40.29
2019-09-05 03:58:06,324 epoch 25 - iter 480/1208 - loss 0.25275451 - samples/sec: 39.43
2019-09-05 03:59:42,366 epoch 25 - iter 600/1208 - loss 0.25587308 - samples/sec: 39.99
2019-09-05 04:01:14,967 epoch 25 - iter 720/1208 - loss 0.25424474 - samples/sec: 41.48
2019-09-05 04:02:49,105 epoch 25 - iter 840/1208 - loss 0.25531317 - samples/sec: 40.80
2019-09-05 04:04:26,497 epoch 25 - iter 960/1208 - loss 0.25692505 - samples/sec: 39.44
2019-09-05 04:06:01,770 epoch 25 - iter 1080/1208 - loss 0.25655141 - samples/sec: 40.32
2019-09-05 04:07:33,710 epoch 25 - iter 1200/1208 - loss 0.25500522 - samples/sec: 41.78
2019-09-05 04:07:39,041 ----------------------------------------------------------------------------------------------------
2019-09-05 04:07:39,042 EPOCH 25 done: loss 0.2547 - lr 0.1000
2019-09-05 04:14:15,587 TEST : loss 0.357872873544693 - score 0.9352
2019-09-05 04:14:15,841 BAD EPOCHS (no improvement): 0
2019-09-05 04:14:41,857 ----------------------------------------------------------------------------------------------------
2019-09-05 04:14:42,522 epoch 26 - iter 0/1208 - loss 0.13995266 - samples/sec: 5816.85
2019-09-05 04:16:16,007 epoch 26 - iter 120/1208 - loss 0.25219747 - samples/sec: 41.09
2019-09-05 04:17:46,956 epoch 26 - iter 240/1208 - loss 0.25387627 - samples/sec: 42.23
2019-09-05 04:19:18,858 epoch 26 - iter 360/1208 - loss 0.25082765 - samples/sec: 41.79
2019-09-05 04:20:52,399 epoch 26 - iter 480/1208 - loss 0.25447413 - samples/sec: 41.06
2019-09-05 04:22:25,215 epoch 26 - iter 600/1208 - loss 0.25657212 - samples/sec: 41.38
2019-09-05 04:23:56,933 epoch 26 - iter 720/1208 - loss 0.25326692 - samples/sec: 41.88
2019-09-05 04:25:30,075 epoch 26 - iter 840/1208 - loss 0.25245369 - samples/sec: 41.24
2019-09-05 04:27:02,857 epoch 26 - iter 960/1208 - loss 0.25145554 - samples/sec: 41.40
2019-09-05 04:28:39,576 epoch 26 - iter 1080/1208 - loss 0.25517380 - samples/sec: 39.72
2019-09-05 04:30:20,183 epoch 26 - iter 1200/1208 - loss 0.25837789 - samples/sec: 38.18
2019-09-05 04:30:25,585 ----------------------------------------------------------------------------------------------------
2019-09-05 04:30:25,586 EPOCH 26 done: loss 0.2580 - lr 0.1000
2019-09-05 04:37:02,588 TEST : loss 0.3587382435798645 - score 0.9344
2019-09-05 04:37:02,856 BAD EPOCHS (no improvement): 1
2019-09-05 04:37:26,140 ----------------------------------------------------------------------------------------------------
2019-09-05 04:37:26,957 epoch 27 - iter 0/1208 - loss 0.11909366 - samples/sec: 4720.37
2019-09-05 04:39:02,023 epoch 27 - iter 120/1208 - loss 0.26396047 - samples/sec: 40.41
2019-09-05 04:40:35,313 epoch 27 - iter 240/1208 - loss 0.24190467 - samples/sec: 41.17
2019-09-05 04:42:09,651 epoch 27 - iter 360/1208 - loss 0.24801432 - samples/sec: 40.72
2019-09-05 04:43:47,787 epoch 27 - iter 480/1208 - loss 0.25231780 - samples/sec: 39.14
2019-09-05 04:45:23,324 epoch 27 - iter 600/1208 - loss 0.25202380 - samples/sec: 40.21
2019-09-05 04:46:56,932 epoch 27 - iter 720/1208 - loss 0.24932346 - samples/sec: 41.03
2019-09-05 04:48:28,276 epoch 27 - iter 840/1208 - loss 0.24864784 - samples/sec: 42.05
2019-09-05 04:50:03,687 epoch 27 - iter 960/1208 - loss 0.24768724 - samples/sec: 40.26
2019-09-05 04:51:37,922 epoch 27 - iter 1080/1208 - loss 0.24960575 - samples/sec: 40.76
2019-09-05 04:53:10,108 epoch 27 - iter 1200/1208 - loss 0.24927869 - samples/sec: 41.67
2019-09-05 04:53:15,489 ----------------------------------------------------------------------------------------------------
2019-09-05 04:53:15,490 EPOCH 27 done: loss 0.2494 - lr 0.1000
2019-09-05 04:59:48,145 TEST : loss 0.39367491006851196 - score 0.9291
2019-09-05 04:59:48,401 BAD EPOCHS (no improvement): 0
2019-09-05 05:00:12,220 ----------------------------------------------------------------------------------------------------
2019-09-05 05:00:12,951 epoch 28 - iter 0/1208 - loss 0.12655294 - samples/sec: 5285.01
2019-09-05 05:01:46,361 epoch 28 - iter 120/1208 - loss 0.26874905 - samples/sec: 41.12
2019-09-05 05:03:22,171 epoch 28 - iter 240/1208 - loss 0.24834915 - samples/sec: 40.09
2019-09-05 05:04:53,596 epoch 28 - iter 360/1208 - loss 0.24143826 - samples/sec: 42.01
2019-09-05 05:06:30,404 epoch 28 - iter 480/1208 - loss 0.24267983 - samples/sec: 39.68
2019-09-05 05:08:04,471 epoch 28 - iter 600/1208 - loss 0.24477446 - samples/sec: 40.84
2019-09-05 05:09:37,310 epoch 28 - iter 720/1208 - loss 0.24230130 - samples/sec: 41.37
2019-09-05 05:11:07,310 epoch 28 - iter 840/1208 - loss 0.24268024 - samples/sec: 42.68
2019-09-05 05:12:41,359 epoch 28 - iter 960/1208 - loss 0.24513690 - samples/sec: 40.84
2019-09-05 05:14:15,381 epoch 28 - iter 1080/1208 - loss 0.24456666 - samples/sec: 40.85
2019-09-05 05:15:47,526 epoch 28 - iter 1200/1208 - loss 0.24502200 - samples/sec: 41.69
2019-09-05 05:15:52,790 ----------------------------------------------------------------------------------------------------
2019-09-05 05:15:52,791 EPOCH 28 done: loss 0.2451 - lr 0.1000
2019-09-05 05:22:40,340 TEST : loss 0.3861290216445923 - score 0.9357
2019-09-05 05:22:40,596 BAD EPOCHS (no improvement): 0
2019-09-05 05:23:04,499 ----------------------------------------------------------------------------------------------------
2019-09-05 05:23:05,516 epoch 29 - iter 0/1208 - loss 0.20627248 - samples/sec: 3793.27
2019-09-05 05:24:38,742 epoch 29 - iter 120/1208 - loss 0.19517298 - samples/sec: 41.20
2019-09-05 05:26:14,792 epoch 29 - iter 240/1208 - loss 0.21526279 - samples/sec: 39.99
2019-09-05 05:27:52,006 epoch 29 - iter 360/1208 - loss 0.23069502 - samples/sec: 39.51
2019-09-05 05:29:24,487 epoch 29 - iter 480/1208 - loss 0.23143427 - samples/sec: 41.53
2019-09-05 05:30:58,894 epoch 29 - iter 600/1208 - loss 0.23021754 - samples/sec: 40.69
2019-09-05 05:32:29,350 epoch 29 - iter 720/1208 - loss 0.22968761 - samples/sec: 42.46
2019-09-05 05:34:03,159 epoch 29 - iter 840/1208 - loss 0.22773909 - samples/sec: 40.95
2019-09-05 05:35:40,725 epoch 29 - iter 960/1208 - loss 0.22777348 - samples/sec: 39.37
2019-09-05 05:37:14,599 epoch 29 - iter 1080/1208 - loss 0.22637457 - samples/sec: 40.92
2019-09-05 05:38:49,279 epoch 29 - iter 1200/1208 - loss 0.22783679 - samples/sec: 40.57
2019-09-05 05:38:53,833 ----------------------------------------------------------------------------------------------------
2019-09-05 05:38:53,834 EPOCH 29 done: loss 0.2278 - lr 0.1000
2019-09-05 05:45:32,482 TEST : loss 0.3776129484176636 - score 0.935
2019-09-05 05:45:32,737 BAD EPOCHS (no improvement): 0
2019-09-05 05:45:56,615 ----------------------------------------------------------------------------------------------------
2019-09-05 05:45:57,206 epoch 30 - iter 0/1208 - loss 0.18750536 - samples/sec: 6542.67
2019-09-05 05:47:32,237 epoch 30 - iter 120/1208 - loss 0.22944599 - samples/sec: 40.42
2019-09-05 05:48:06,603 ----------------------------------------------------------------------------------------------------
2019-09-05 05:48:06,605 Exiting from training early.
2019-09-05 05:48:06,605 Saving model ...
2019-09-05 05:48:31,378 Done.
2019-09-05 05:48:31,379 ----------------------------------------------------------------------------------------------------
2019-09-05 05:48:31,380 Testing using best model ...
2019-09-05 05:49:07,892 0.9252	0.936	0.9306
2019-09-05 05:49:07,893 
MICRO_AVG: acc 0.8702 - f1-score 0.9306
MACRO_AVG: acc 0.7384 - f1-score 0.8370111111111112
EVENT      tp: 26 - fp: 7 - fn: 8 - tn: 26 - precision: 0.7879 - recall: 0.7647 - accuracy: 0.6341 - f1-score: 0.7761
FAC        tp: 26 - fp: 17 - fn: 11 - tn: 26 - precision: 0.6047 - recall: 0.7027 - accuracy: 0.4815 - f1-score: 0.6500
GPE        tp: 962 - fp: 54 - fn: 26 - tn: 962 - precision: 0.9469 - recall: 0.9737 - accuracy: 0.9232 - f1-score: 0.9601
LOC        tp: 73 - fp: 8 - fn: 11 - tn: 73 - precision: 0.9012 - recall: 0.8690 - accuracy: 0.7935 - f1-score: 0.8848
NORP       tp: 377 - fp: 18 - fn: 15 - tn: 377 - precision: 0.9544 - recall: 0.9617 - accuracy: 0.9195 - f1-score: 0.9580
ORG        tp: 516 - fp: 71 - fn: 72 - tn: 516 - precision: 0.8790 - recall: 0.8776 - accuracy: 0.7830 - f1-score: 0.8783
PERSON     tp: 858 - fp: 36 - fn: 31 - tn: 858 - precision: 0.9597 - recall: 0.9651 - accuracy: 0.9276 - f1-score: 0.9624
PRODUCT    tp: 29 - fp: 3 - fn: 7 - tn: 29 - precision: 0.9062 - recall: 0.8056 - accuracy: 0.7436 - f1-score: 0.8529
WORK_OF_ART tp: 29 - fp: 20 - fn: 17 - tn: 29 - precision: 0.5918 - recall: 0.6304 - accuracy: 0.4394 - f1-score: 0.6105
2019-09-05 05:49:07,894 ----------------------------------------------------------------------------------------------------
er 600/1208 - loss 0.24477446 - samples/sec: 40.84
2019-09-05 05:09:37,310 epoch 28 - iter 720/1208 - loss 0.24230130 - samples/sec: 41.37
2019-09-05 05:11:07,310 epoch 28 - iter 840/1208 - loss 0.24268024 - samples/sec: 42.68
2019-09-05 05:12:41,359 epoch 28 - iter 960/1208 - loss 0.24513690 - samples/sec: 40.84
2019-09-05 05:14:15,381 epoch 28 - iter 1080/1208 - loss 0.24456666 - samples/sec: 40.85
2019-09-05 05:15:47,526 epoch 28 - iter 1200/1208 - loss 0.24502200 - samples/sec: 41.69
2019-09-05 05:15:52,790 ----------------------------------------------------------------------------------------------------
2019-09-05 05:15:52,791 EPOCH 28 done: loss 0.2451 - lr 0.1000
2019-09-05 05:22:40,340 TEST : loss 0.3861290216445923 - score 0.9357
2019-09-05 05:22:40,596 BAD EPOCHS (no improvement): 0
2019-09-05 05:23:04,499 ----------------------------------------------------------------------------------------------------
2019-09-05 05:23:05,516 epoch 29 - iter 0/1208 - loss 0.20627248 - samples/sec: 3793.27
2019-09-05 05:24:38,742 epoch 29 - iter 120/1208 - loss 0.19517298 - samples/sec: 41.20
2019-09-05 05:26:14,792 epoch 29 - iter 240/1208 - loss 0.21526279 - samples/sec: 39.99
2019-09-05 05:27:52,006 epoch 29 - iter 360/1208 - loss 0.23069502 - samples/sec: 39.51
2019-09-05 05:29:24,487 epoch 29 - iter 480/1208 - loss 0.23143427 - samples/sec: 41.53
2019-09-05 05:30:58,894 epoch 29 - iter 600/1208 - loss 0.23021754 - samples/sec: 40.69
2019-09-05 05:32:29,350 epoch 29 - iter 720/1208 - loss 0.22968761 - samples/sec: 42.46
2019-09-05 05:34:03,159 epoch 29 - iter 840/1208 - loss 0.22773909 - samples/sec: 40.95
2019-09-05 05:35:40,725 epoch 29 - iter 960/1208 - loss 0.22777348 - samples/sec: 39.37
2019-09-05 05:37:14,599 epoch 29 - iter 1080/1208 - loss 0.22637457 - samples/sec: 40.92
2019-09-05 05:38:49,279 epoch 29 - iter 1200/1208 - loss 0.22783679 - samples/sec: 40.57
2019-09-05 05:38:53,833 ----------------------------------------------------------------------------------------------------
2019-09-05 05:38:53,834 EPOCH 29 done: loss 0.2278 - lr 0.1000
2019-09-05 05:45:32,482 TEST : loss 0.3776129484176636 - score 0.935
2019-09-05 05:45:32,737 BAD EPOCHS (no improvement): 0
2019-09-05 05:45:56,615 ----------------------------------------------------------------------------------------------------
2019-09-05 05:45:57,206 epoch 30 - iter 0/1208 - loss 0.18750536 - samples/sec: 6542.67
2019-09-05 05:47:32,237 epoch 30 - iter 120/1208 - loss 0.22944599 - samples/sec: 40.42
2019-09-05 05:48:06,603 ----------------------------------------------------------------------------------------------------
2019-09-05 05:48:06,605 Exiting from training early.
2019-09-05 05:48:06,605 Saving model ...
2019-09-05 05:48:31,378 Done.
2019-09-05 05:48:31,379 ----------------------------------------------------------------------------------------------------
2019-09-05 05:48:31,380 Testing using best model ...
2019-09-05 05:49:07,892 0.9252	0.936	0.9306
2019-09-05 05:49:07,893 
MICRO_AVG: acc 0.8702 - f1-score 0.9306
MACRO_AVG: acc 0.7384 - f1-score 0.8370111111111112
EVENT      tp: 26 - fp: 7 - fn: 8 - tn: 26 - precision: 0.7879 - recall: 0.7647 - accuracy: 0.6341 - f1-score: 0.7761
FAC        tp: 26 - fp: 17 - fn: 11 - tn: 26 - precision: 0.6047 - recall: 0.7027 - accuracy: 0.4815 - f1-score: 0.6500
GPE        tp: 962 - fp: 54 - fn: 26 - tn: 962 - precision: 0.9469 - recall: 0.9737 - accuracy: 0.9232 - f1-score: 0.9601
LOC        tp: 73 - fp: 8 - fn: 11 - tn: 73 - precision: 0.9012 - recall: 0.8690 - accuracy: 0.7935 - f1-score: 0.8848
NORP       tp: 377 - fp: 18 - fn: 15 - tn: 377 - precision: 0.9544 - recall: 0.9617 - accuracy: 0.9195 - f1-score: 0.9580
ORG        tp: 516 - fp: 71 - fn: 72 - tn: 516 - precision: 0.8790 - recall: 0.8776 - accuracy: 0.7830 - f1-score: 0.8783
PERSON     tp: 858 - fp: 36 - fn: 31 - tn: 858 - precision: 0.9597 - recall: 0.9651 - accuracy: 0.9276 - f1-score: 0.9624
PRODUCT    tp: 29 - fp: 3 - fn: 7 - tn: 29 - precision: 0.9062 - recall: 0.8056 - accuracy: 0.7436 - f1-score: 0.8529
WORK_OF_ART tp: 29 - fp: 20 - fn: 17 - tn: 29 - precision: 0.5918 - recall: 0.6304 - accuracy: 0.4394 - f1-score: 0.6105
2019-09-05 05:49:07,894 ----------------------------------------------------------------------------------------------------
2019-09-05 05:59:59,687 loading file taggers/final-model.pt
2019-09-05 06:00:55,727 loading file taggers/final-model.pt
2019-09-05 06:02:45,338 Ignore 1 sentence(s) with no tokens.
